<?xml version="1.0" encoding="UTF-8"?>
<coverage generated="1606062461502" clover="3.2.0">
  <project timestamp="1606062461502" name="All files">
    <metrics statements="24" coveredstatements="24" conditionals="27" coveredconditionals="25" methods="7" coveredmethods="7" elements="58" coveredelements="56" complexity="0" loc="24" ncloc="24" packages="1" files="1" classes="1"/>
    <file name="game.js" path="D:\8th_Semester\SQA\git-unit-testing\github-actions-for-ci\src\game.js">
      <metrics statements="24" coveredstatements="24" conditionals="27" coveredconditionals="25" methods="7" coveredmethods="7"/>
      <line num="3" count="13" type="stmt"/>
      <line num="4" count="13" type="stmt"/>
      <line num="5" count="13" type="stmt"/>
      <line num="6" count="13" type="cond" truecount="2" falsecount="0"/>
      <line num="7" count="13" type="stmt"/>
      <line num="11" count="2" type="cond" truecount="2" falsecount="0"/>
      <line num="12" count="2" type="stmt"/>
      <line num="16" count="1" type="cond" truecount="1" falsecount="1"/>
      <line num="17" count="1" type="cond" truecount="1" falsecount="1"/>
      <line num="21" count="8" type="cond" truecount="3" falsecount="0"/>
      <line num="25" count="8" type="stmt"/>
      <line num="26" count="8" type="stmt"/>
      <line num="27" count="24" type="stmt"/>
      <line num="28" count="24" type="cond" truecount="2" falsecount="0"/>
      <line num="29" count="8" type="cond" truecount="3" falsecount="0"/>
      <line num="32" count="8" type="stmt"/>
      <line num="36" count="5" type="stmt"/>
      <line num="37" count="5" type="stmt"/>
      <line num="38" count="15" type="stmt"/>
      <line num="39" count="15" type="cond" truecount="2" falsecount="0"/>
      <line num="40" count="5" type="cond" truecount="3" falsecount="0"/>
      <line num="43" count="5" type="stmt"/>
      <line num="47" count="2" type="stmt"/>
      <line num="48" count="2" type="cond" truecount="6" falsecount="0"/>
    </file>
  </project>
</coverage>
