{"D:\\8th_Semester\\SQA\\git-unit-testing\\github-actions-for-ci\\src\\game.js": {"path":"D:\\8th_Semester\\SQA\\git-unit-testing\\github-actions-for-ci\\src\\game.js","statementMap":{"0":{"start":{"line":3,"column":4},"end":{"line":3,"column":16}},"1":{"start":{"line":4,"column":4},"end":{"line":4,"column":16}},"2":{"start":{"line":5,"column":4},"end":{"line":5,"column":77}},"3":{"start":{"line":6,"column":4},"end":{"line":6,"column":57}},"4":{"start":{"line":7,"column":4},"end":{"line":7,"column":18}},"5":{"start":{"line":11,"column":4},"end":{"line":11,"column":20}},"6":{"start":{"line":12,"column":4},"end":{"line":12,"column":35}},"7":{"start":{"line":16,"column":4},"end":{"line":16,"column":61}},"8":{"start":{"line":17,"column":4},"end":{"line":17,"column":43}},"9":{"start":{"line":21,"column":4},"end":{"line":21,"column":59}},"10":{"start":{"line":25,"column":14},"end":{"line":25,"column":19}},"11":{"start":{"line":26,"column":4},"end":{"line":30,"column":5}},"12":{"start":{"line":26,"column":17},"end":{"line":26,"column":18}},"13":{"start":{"line":27,"column":18},"end":{"line":27,"column":31}},"14":{"start":{"line":28,"column":6},"end":{"line":28,"column":39}},"15":{"start":{"line":28,"column":29},"end":{"line":28,"column":37}},"16":{"start":{"line":29,"column":6},"end":{"line":29,"column":59}},"17":{"start":{"line":32,"column":4},"end":{"line":32,"column":14}},"18":{"start":{"line":36,"column":14},"end":{"line":36,"column":19}},"19":{"start":{"line":37,"column":4},"end":{"line":41,"column":5}},"20":{"start":{"line":37,"column":17},"end":{"line":37,"column":18}},"21":{"start":{"line":38,"column":18},"end":{"line":38,"column":28}},"22":{"start":{"line":39,"column":6},"end":{"line":39,"column":42}},"23":{"start":{"line":39,"column":32},"end":{"line":39,"column":40}},"24":{"start":{"line":40,"column":6},"end":{"line":40,"column":71}},"25":{"start":{"line":43,"column":4},"end":{"line":43,"column":14}},"26":{"start":{"line":47,"column":14},"end":{"line":47,"column":24}},"27":{"start":{"line":48,"column":4},"end":{"line":49,"column":77}}},"fnMap":{"0":{"name":"(anonymous_0)","decl":{"start":{"line":2,"column":2},"end":{"line":2,"column":3}},"loc":{"start":{"line":2,"column":23},"end":{"line":8,"column":3}},"line":2},"1":{"name":"(anonymous_1)","decl":{"start":{"line":10,"column":2},"end":{"line":10,"column":3}},"loc":{"start":{"line":10,"column":18},"end":{"line":13,"column":3}},"line":10},"2":{"name":"(anonymous_2)","decl":{"start":{"line":15,"column":2},"end":{"line":15,"column":3}},"loc":{"start":{"line":15,"column":16},"end":{"line":18,"column":3}},"line":15},"3":{"name":"(anonymous_3)","decl":{"start":{"line":20,"column":2},"end":{"line":20,"column":3}},"loc":{"start":{"line":20,"column":15},"end":{"line":22,"column":3}},"line":20},"4":{"name":"(anonymous_4)","decl":{"start":{"line":24,"column":2},"end":{"line":24,"column":3}},"loc":{"start":{"line":24,"column":12},"end":{"line":33,"column":3}},"line":24},"5":{"name":"(anonymous_5)","decl":{"start":{"line":35,"column":2},"end":{"line":35,"column":3}},"loc":{"start":{"line":35,"column":12},"end":{"line":44,"column":3}},"line":35},"6":{"name":"(anonymous_6)","decl":{"start":{"line":46,"column":2},"end":{"line":46,"column":3}},"loc":{"start":{"line":46,"column":13},"end":{"line":50,"column":3}},"line":46}},"branchMap":{"0":{"loc":{"start":{"line":6,"column":18},"end":{"line":6,"column":57}},"type":"cond-expr","locations":[{"start":{"line":6,"column":40},"end":{"line":6,"column":47}},{"start":{"line":6,"column":50},"end":{"line":6,"column":57}}],"line":6},"1":{"loc":{"start":{"line":11,"column":10},"end":{"line":11,"column":20}},"type":"binary-expr","locations":[{"start":{"line":11,"column":10},"end":{"line":11,"column":13}},{"start":{"line":11,"column":17},"end":{"line":11,"column":20}}],"line":11},"2":{"loc":{"start":{"line":16,"column":18},"end":{"line":16,"column":61}},"type":"cond-expr","locations":[{"start":{"line":16,"column":44},"end":{"line":16,"column":51}},{"start":{"line":16,"column":54},"end":{"line":16,"column":61}}],"line":16},"3":{"loc":{"start":{"line":17,"column":15},"end":{"line":17,"column":43}},"type":"cond-expr","locations":[{"start":{"line":17,"column":34},"end":{"line":17,"column":37}},{"start":{"line":17,"column":40},"end":{"line":17,"column":43}}],"line":17},"4":{"loc":{"start":{"line":21,"column":11},"end":{"line":21,"column":59}},"type":"binary-expr","locations":[{"start":{"line":21,"column":11},"end":{"line":21,"column":24}},{"start":{"line":21,"column":28},"end":{"line":21,"column":41}},{"start":{"line":21,"column":45},"end":{"line":21,"column":59}}],"line":21},"5":{"loc":{"start":{"line":28,"column":6},"end":{"line":28,"column":39}},"type":"if","locations":[{"start":{"line":28,"column":6},"end":{"line":28,"column":39}},{"start":{"line":28,"column":6},"end":{"line":28,"column":39}}],"line":28},"6":{"loc":{"start":{"line":29,"column":12},"end":{"line":29,"column":59}},"type":"binary-expr","locations":[{"start":{"line":29,"column":12},"end":{"line":29,"column":15}},{"start":{"line":29,"column":20},"end":{"line":29,"column":37}},{"start":{"line":29,"column":41},"end":{"line":29,"column":58}}],"line":29},"7":{"loc":{"start":{"line":39,"column":6},"end":{"line":39,"column":42}},"type":"if","locations":[{"start":{"line":39,"column":6},"end":{"line":39,"column":42}},{"start":{"line":39,"column":6},"end":{"line":39,"column":42}}],"line":39},"8":{"loc":{"start":{"line":40,"column":12},"end":{"line":40,"column":71}},"type":"binary-expr","locations":[{"start":{"line":40,"column":12},"end":{"line":40,"column":15}},{"start":{"line":40,"column":20},"end":{"line":40,"column":43}},{"start":{"line":40,"column":47},"end":{"line":40,"column":70}}],"line":40},"9":{"loc":{"start":{"line":48,"column":12},"end":{"line":49,"column":76}},"type":"binary-expr","locations":[{"start":{"line":48,"column":13},"end":{"line":48,"column":29}},{"start":{"line":48,"column":33},"end":{"line":48,"column":52}},{"start":{"line":48,"column":56},"end":{"line":48,"column":75}},{"start":{"line":49,"column":13},"end":{"line":49,"column":29}},{"start":{"line":49,"column":33},"end":{"line":49,"column":52}},{"start":{"line":49,"column":56},"end":{"line":49,"column":75}}],"line":48}},"s":{"0":13,"1":13,"2":13,"3":13,"4":13,"5":2,"6":2,"7":1,"8":1,"9":8,"10":8,"11":8,"12":8,"13":24,"14":24,"15":16,"16":8,"17":8,"18":5,"19":5,"20":5,"21":15,"22":15,"23":10,"24":5,"25":5,"26":2,"27":2},"f":{"0":13,"1":2,"2":1,"3":8,"4":8,"5":5,"6":2},"b":{"0":[6,7],"1":[2,1],"2":[1,0],"3":[1,0],"4":[8,5,2],"5":[16,8],"6":[8,8,3],"7":[10,5],"8":[5,5,3],"9":[2,1,1,1,1,1]},"_coverageSchema":"1a1c01bbd47fc00a2c39e90264f33305004495a9","hash":"91a050d2e1a8aa405b2bf2190ff613c57366ddd5"}
}
