TN:
SF:src\game.js
FN:2,(anonymous_0)
FN:10,(anonymous_1)
FN:15,(anonymous_2)
FN:20,(anonymous_3)
FN:24,(anonymous_4)
FN:35,(anonymous_5)
FN:46,(anonymous_6)
FNF:7
FNH:7
FNDA:13,(anonymous_0)
FNDA:2,(anonymous_1)
FNDA:1,(anonymous_2)
FNDA:8,(anonymous_3)
FNDA:8,(anonymous_4)
FNDA:5,(anonymous_5)
FNDA:2,(anonymous_6)
DA:3,13
DA:4,13
DA:5,13
DA:6,13
DA:7,13
DA:11,2
DA:12,2
DA:16,1
DA:17,1
DA:21,8
DA:25,8
DA:26,8
DA:27,24
DA:28,24
DA:29,8
DA:32,8
DA:36,5
DA:37,5
DA:38,15
DA:39,15
DA:40,5
DA:43,5
DA:47,2
DA:48,2
LF:24
LH:24
BRDA:6,0,0,6
BRDA:6,0,1,7
BRDA:11,1,0,2
BRDA:11,1,1,1
BRDA:16,2,0,1
BRDA:16,2,1,0
BRDA:17,3,0,1
BRDA:17,3,1,0
BRDA:21,4,0,8
BRDA:21,4,1,5
BRDA:21,4,2,2
BRDA:28,5,0,16
BRDA:28,5,1,8
BRDA:29,6,0,8
BRDA:29,6,1,8
BRDA:29,6,2,3
BRDA:39,7,0,10
BRDA:39,7,1,5
BRDA:40,8,0,5
BRDA:40,8,1,5
BRDA:40,8,2,3
BRDA:48,9,0,2
BRDA:48,9,1,1
BRDA:48,9,2,1
BRDA:48,9,3,1
BRDA:48,9,4,1
BRDA:48,9,5,1
BRF:27
BRH:25
end_of_record
